0 info it worked if it ends with ok
1 verbose cli [ 'D:\\Program Files (x86)\\nodejs\\node.exe',
1 verbose cli   'D:\\Program Files (x86)\\nodejs\\node_modules\\npm\\bin\\npm-cli.js',
1 verbose cli   'start' ]
2 info using npm@3.10.8
3 info using node@v6.9.0
4 verbose run-script [ 'prestart', 'start', 'poststart' ]
5 info lifecycle MediaXPost@1.0.0~prestart: MediaXPost@1.0.0
6 silly lifecycle MediaXPost@1.0.0~prestart: no script for prestart, continuing
7 info lifecycle MediaXPost@1.0.0~start: MediaXPost@1.0.0
8 verbose lifecycle MediaXPost@1.0.0~start: unsafe-perm in lifecycle true
9 verbose lifecycle MediaXPost@1.0.0~start: PATH: D:\Program Files (x86)\nodejs\node_modules\npm\bin\node-gyp-bin;D:\Users\Chrono\repos\MediaXPost\node_modules\.bin;D:\Users\Chrono\.babun\cygwin\home\Chrono\.local\bin;D:\Users\Chrono\.babun\cygwin\usr\local\bin;D:\Users\Chrono\.babun\cygwin\home\Chrono\.local\bin;D:\Users\Chrono\.babun\cygwin\usr\local\bin;D:\Users\Chrono\.babun\cygwin\bin;C:\ProgramData\Oracle\Java\javapath;C:\Program Files (x86)\Intel\iCLS Client;C:\Program Files\Intel\iCLS Client;C:\Windows\system32;C:\Windows;C:\Windows\System32\Wbem;C:\Windows\System32\WindowsPowerShell\v1.0;C:\Program Files\Intel\Intel(R) Management Engine Components\DAL;C:\Program Files\Intel\Intel(R) Management Engine Components\IPT;C:\Program Files (x86)\Intel\Intel(R) Management Engine Components\DAL;C:\Program Files (x86)\Intel\Intel(R) Management Engine Components\IPT;C:\Program Files (x86)\Autodesk\Backburner;D:\Program Files (x86)\nodejs;C:\Program Files (x86)\Microsoft SQL Server\100\Tools\Binn;C:\Program Files\Microsoft SQL Server\100\Tools\Binn;C:\Program Files\Microsoft SQL Server\100\DTS\Binn;C:\Program Files (x86)\NVIDIA Corporation\PhysX\Common;C:\WINDOWS\system32;C:\WINDOWS;C:\WINDOWS\System32\Wbem;C:\WINDOWS\System32\WindowsPowerShell\v1.0;C:\Program Files (x86)\Skype\Phone;D:\Program Files (x86)\MySQL\MySQL Utilities;D:\Program Files (x86)\MySQL\MySQL Utilities\Doctrine extensions for PHP;D:\Users\Chrono\AppData\Local\atom\bin;D:\Users\Chrono\AppData\Roaming\npm;D:\Users\Chrono\AppData\Local\atom\bin;D:\Program Files (x86)\Silverlake Software LLC\Velocity;D:\Users\Chrono\.babun;D:\Users\Chrono\AppData\Local\Microsoft\WindowsApps
10 verbose lifecycle MediaXPost@1.0.0~start: CWD: D:\Users\Chrono\repos\MediaXPost
11 silly lifecycle MediaXPost@1.0.0~start: Args: [ '/d /s /c', 'tsc && concurrently "tsc -w" "lite-server" ' ]
12 silly lifecycle MediaXPost@1.0.0~start: Returned: code: 1  signal: null
13 info lifecycle MediaXPost@1.0.0~start: Failed to exec start script
14 verbose stack Error: MediaXPost@1.0.0 start: `tsc && concurrently "tsc -w" "lite-server" `
14 verbose stack Exit status 1
14 verbose stack     at EventEmitter.<anonymous> (D:\Program Files (x86)\nodejs\node_modules\npm\lib\utils\lifecycle.js:255:16)
14 verbose stack     at emitTwo (events.js:106:13)
14 verbose stack     at EventEmitter.emit (events.js:191:7)
14 verbose stack     at ChildProcess.<anonymous> (D:\Program Files (x86)\nodejs\node_modules\npm\lib\utils\spawn.js:40:14)
14 verbose stack     at emitTwo (events.js:106:13)
14 verbose stack     at ChildProcess.emit (events.js:191:7)
14 verbose stack     at maybeClose (internal/child_process.js:877:16)
14 verbose stack     at Process.ChildProcess._handle.onexit (internal/child_process.js:226:5)
15 verbose pkgid MediaXPost@1.0.0
16 verbose cwd D:\Users\Chrono\repos\MediaXPost\app
17 error Windows_NT 10.0.14393
18 error argv "D:\\Program Files (x86)\\nodejs\\node.exe" "D:\\Program Files (x86)\\nodejs\\node_modules\\npm\\bin\\npm-cli.js" "start"
19 error node v6.9.0
20 error npm  v3.10.8
21 error code ELIFECYCLE
22 error MediaXPost@1.0.0 start: `tsc && concurrently "tsc -w" "lite-server" `
22 error Exit status 1
23 error Failed at the MediaXPost@1.0.0 start script 'tsc && concurrently "tsc -w" "lite-server" '.
23 error Make sure you have the latest version of node.js and npm installed.
23 error If you do, this is most likely a problem with the MediaXPost package,
23 error not with npm itself.
23 error Tell the author that this fails on your system:
23 error     tsc && concurrently "tsc -w" "lite-server"
23 error You can get information on how to open an issue for this project with:
23 error     npm bugs MediaXPost
23 error Or if that isn't available, you can get their info via:
23 error     npm owner ls MediaXPost
23 error There is likely additional logging output above.
24 verbose exit [ 1, true ]
